#
# An unexpected error has been detected by Java Runtime Environment:
#
#  EXCEPTION_ACCESS_VIOLATION (0xc0000005) at pc=0x000000007d524d80, pid=4868, tid=4588
#
# Java VM: Java HotSpot(TM) 64-Bit Server VM (11.2-b01 mixed mode windows-amd64)
# Problematic frame:
# C  [libmwgui.dll+0x74d80]
#
# If you would like to submit a bug report, please visit:
#   http://java.sun.com/webapps/bugreport/crash.jsp
# The crash happened outside the Java Virtual Machine in native code.
# See problematic frame for where to report the bug.
#

---------------  T H R E A D  ---------------

Current thread (0x00000000017eec00):  JavaThread "main" [_thread_in_native, id=4588, stack(0x0000000000030000,0x0000000001030000)]

siginfo: ExceptionCode=0xc0000005, reading address 0x0000000000000000

Registers:
EAX=0x0000000000000000, EBX=0x0000000000000000, ECX=0x0000000000000000, EDX=0x0000000000000000
ESP=0x00000000010243a8, EBP=0x0000000000000000, ESI=0x0000000000000000, EDI=0x0000000000000000
EIP=0x000000007d524d80, EFLAGS=0x0000000000010202

Top of Stack: (sp=0x00000000010243a8)
0x00000000010243a8:   00000000796a62ff 00000000010243e8
0x00000000010243b8:   0000000038ad83b0 0000000000000000
0x00000000010243c8:   0000000038a30e00 000000000b1cd1b0
0x00000000010243d8:   000000007964e11a 406f000000000000
0x00000000010243e8:   000000007c54b5d0 0000000038a30e00
0x00000000010243f8:   0000000000000000 0000000000000000
0x0000000001024408:   0000000000000000 000000000b1cd1b0
0x0000000001024418:   00000000796a632e fffffffffffffffe
0x0000000001024428:   0000000000000000 0000000000000000
0x0000000001024438:   0000000000000000 0000000000000000
0x0000000001024448:   000000007966328e 000000000b1cd1b0
0x0000000001024458:   0000000000000000 0000000000000000
0x0000000001024468:   000000007d09bbd0 0000000038c2f7a0
0x0000000001024478:   000000007a89022e 000000000b1cd1b0
0x0000000001024488:   0000000000000001 0000000001a1f030
0x0000000001024498:   000000007d09e8e9 0000000001a1f030 

Instructions: (pc=0x000000007d524d80)
0x000000007d524d70:   89 11 c3 cc cc cc cc cc cc cc cc cc cc cc cc cc
0x000000007d524d80:   8b 01 c3 cc cc cc cc cc cc cc cc cc cc cc cc cc 


Stack: [0x0000000000030000,0x0000000001030000],  sp=0x00000000010243a8,  free space=16336k
Native frames: (J=compiled Java code, j=interpreted, Vv=VM code, C=native code)
C  [libmwgui.dll+0x74d80]

[error occurred during error reporting (printing native stack), id 0xc0000005]

Java frames: (J=compiled Java code, j=interpreted, Vv=VM code)
j  com.mathworks.jmi.NativeMatlab.SendMatlabMessage(Ljava/lang/Object;)Ljava/lang/Object;+0
j  com.mathworks.jmi.NativeMatlab.sendMatlabMessage(Ljava/lang/Object;)Ljava/lang/Object;+22
j  com.mathworks.jmi.MatlabLooper.sendMatlabMessage(Lcom/mathworks/services/message/MWMessage;)Ljava/lang/Object;+20
j  com.mathworks.jmi.Matlab.mtFevalConsoleOutput(Ljava/lang/String;[Ljava/lang/Object;I)Ljava/lang/Object;+58
j  com.mathworks.mde.desk.MLDesktop$9.run()V+14
j  com.mathworks.jmi.NativeMatlab.dispatchMTRequests(Z)V+50
v  ~StubRoutines::call_stub

---------------  P R O C E S S  ---------------

Java Threads: ( => current thread )
  0x000000002fa80400 JavaThread "Foxtrot Multi Worker Thread Runner #1" daemon [_thread_blocked, id=4268, stack(0x0000000008470000,0x00000000084f0000)]
  0x000000002fa7e800 JavaThread "Active Reference Queue Daemon" daemon [_thread_blocked, id=1760, stack(0x0000000031230000,0x00000000312b0000)]
  0x000000002fa7cc00 JavaThread "Timer-5" daemon [_thread_blocked, id=1504, stack(0x0000000003ce0000,0x0000000003d60000)]
  0x000000002fa7e000 JavaThread "FelixPackageAdmin" daemon [_thread_blocked, id=3192, stack(0x00000000311b0000,0x0000000031230000)]
  0x000000002fa7dc00 JavaThread "FelixStartLevel" daemon [_thread_blocked, id=2592, stack(0x0000000031130000,0x00000000311b0000)]
  0x000000002fa7d400 JavaThread "FelixDispatchQueue" daemon [_thread_blocked, id=3452, stack(0x0000000003d60000,0x0000000003de0000)]
  0x000000002fa7c400 JavaThread "Timer-4" daemon [_thread_blocked, id=3656, stack(0x0000000003c60000,0x0000000003ce0000)]
  0x000000000401a400 JavaThread "Prefs Updater" daemon [_thread_blocked, id=4256, stack(0x0000000003be0000,0x0000000003c60000)]
  0x0000000004019800 JavaThread "Timer-1" [_thread_blocked, id=2200, stack(0x0000000003840000,0x00000000038c0000)]
  0x0000000004017c00 JavaThread "TimerQueue" daemon [_thread_blocked, id=1420, stack(0x000000002f0e0000,0x000000002f160000)]
  0x0000000004017400 JavaThread "AWT-EventQueue-0" [_thread_blocked, id=4612, stack(0x000000002f050000,0x000000002f0d0000)]
  0x0000000004016400 JavaThread "AWT-Windows" daemon [_thread_in_native, id=5024, stack(0x0000000005c20000,0x0000000005ca0000)]
  0x0000000004016000 JavaThread "AWT-Shutdown" [_thread_blocked, id=5020, stack(0x0000000005500000,0x0000000005580000)]
  0x0000000004015800 JavaThread "Java2D Disposer" daemon [_thread_blocked, id=1592, stack(0x0000000004420000,0x00000000044a0000)]
  0x0000000004014400 JavaThread "Timer-0" [_thread_blocked, id=4900, stack(0x00000000043a0000,0x0000000004420000)]
  0x0000000004013c00 JavaThread "JMI Unnamed Thread" [_thread_in_native, id=2556, stack(0x000000000a070000,0x000000000b070000)]
  0x0000000004013400 JavaThread "Low Memory Detector" daemon [_thread_blocked, id=3416, stack(0x0000000004320000,0x00000000043a0000)]
  0x00000000016ef400 JavaThread "CompilerThread1" daemon [_thread_blocked, id=3236, stack(0x000000002bfa0000,0x000000002cfa0000)]
  0x00000000016ee000 JavaThread "CompilerThread0" daemon [_thread_blocked, id=4592, stack(0x000000002afa0000,0x000000002bfa0000)]
  0x0000000004012c00 JavaThread "Attach Listener" daemon [_thread_blocked, id=4248, stack(0x00000000042a0000,0x0000000004320000)]
  0x00000000016e2400 JavaThread "Finalizer" daemon [_thread_blocked, id=4460, stack(0x0000000004220000,0x00000000042a0000)]
  0x0000000004002000 JavaThread "Reference Handler" daemon [_thread_blocked, id=4032, stack(0x00000000041a0000,0x0000000004220000)]
=>0x00000000017eec00 JavaThread "main" [_thread_in_native, id=4588, stack(0x0000000000030000,0x0000000001030000)]

Other Threads:
  0x0000000004000c00 VMThread [stack: 0x0000000029fa0000,0x000000002afa0000] [id=4484]
  0x0000000001623000 WatcherThread [stack: 0x000000002cfa0000,0x000000002dfa0000] [id=4640]

VM state:not at safepoint (normal execution)

VM Mutex/Monitor currently owned by a thread: None

Heap
 PSYoungGen      total 17856K, used 14031K [0x0000000024570000, 0x0000000025900000, 0x0000000027670000)
  eden space 16064K, 76% used [0x0000000024570000,0x000000002516af30,0x0000000025520000)
  from space 1792K, 98% used [0x0000000025700000,0x00000000258b8ee0,0x00000000258c0000)
  to   space 1920K, 0% used [0x0000000025520000,0x0000000025520000,0x0000000025700000)
 PSOldGen        total 101952K, used 67479K [0x000000001b270000, 0x0000000021600000, 0x0000000024570000)
  object space 101952K, 66% used [0x000000001b270000,0x000000001f455e60,0x0000000021600000)
 PSPermGen       total 112512K, used 58080K [0x0000000013270000, 0x000000001a050000, 0x000000001b270000)
  object space 112512K, 51% used [0x0000000013270000,0x0000000016b28140,0x000000001a050000)

Dynamic libraries:
0x0000000140000000 - 0x000000014002a000 	C:\Program Files\MATLAB\R2010a\bin\win64\MATLAB.exe
0x0000000077540000 - 0x00000000776eb000 	C:\windows\SYSTEM32\ntdll.dll
0x0000000077320000 - 0x000000007743f000 	C:\windows\system32\kernel32.dll
0x000007fefd700000 - 0x000007fefd76b000 	C:\windows\system32\KERNELBASE.dll
0x000000007ce80000 - 0x000000007cf96000 	C:\Program Files\MATLAB\R2010a\bin\win64\libut.dll
0x000007feff100000 - 0x000007feff117000 	C:\windows\system32\imagehlp.dll
0x000007feff6d0000 - 0x000007feff76f000 	C:\windows\system32\msvcrt.dll
0x0000000077700000 - 0x0000000077707000 	C:\windows\system32\PSAPI.DLL
0x000000007d660000 - 0x000000007d688000 	C:\Program Files\MATLAB\R2010a\bin\win64\LIBEXPAT.dll
0x0000000072c40000 - 0x0000000072d09000 	C:\windows\WinSxS\amd64_microsoft.vc80.crt_1fc8b3b9a1e18e3b_8.0.50727.4927_none_88dce9872fb18caf\MSVCR80.dll
0x000000007d380000 - 0x000000007d4ac000 	C:\Program Files\MATLAB\R2010a\bin\win64\icuuc40.dll
0x000007feff120000 - 0x000007feff1fb000 	C:\windows\system32\ADVAPI32.dll
0x000007fefedc0000 - 0x000007fefeddf000 	C:\windows\SYSTEM32\sechost.dll
0x000007feff590000 - 0x000007feff6be000 	C:\windows\system32\RPCRT4.dll
0x000000007c8b0000 - 0x000000007c8b3000 	C:\Program Files\MATLAB\R2010a\bin\win64\icudt40.dll
0x000000007c8c0000 - 0x000000007c8d0000 	C:\Program Files\MATLAB\R2010a\bin\win64\icuio40.dll
0x000000007cb00000 - 0x000000007cc53000 	C:\Program Files\MATLAB\R2010a\bin\win64\icuin40.dll
0x0000000072d10000 - 0x0000000072e19000 	C:\windows\WinSxS\amd64_microsoft.vc80.crt_1fc8b3b9a1e18e3b_8.0.50727.4927_none_88dce9872fb18caf\MSVCP80.dll
0x0000000077440000 - 0x000000007753a000 	C:\windows\system32\USER32.dll
0x000007fefede0000 - 0x000007fefee47000 	C:\windows\system32\GDI32.dll
0x000007feff6c0000 - 0x000007feff6ce000 	C:\windows\system32\LPK.dll
0x000007fefde50000 - 0x000007fefdf1a000 	C:\windows\system32\USP10.dll
0x0000000078930000 - 0x0000000078a4e000 	C:\Program Files\MATLAB\R2010a\bin\win64\libmwfl.dll
0x00000000788c0000 - 0x00000000788fe000 	C:\Program Files\MATLAB\R2010a\bin\win64\tbb.dll
0x000000007e960000 - 0x000000007e96f000 	C:\Program Files\MATLAB\R2010a\bin\win64\boost_date_time-vc80-mt-1_36.dll
0x000000007ebf0000 - 0x000000007ec0d000 	C:\Program Files\MATLAB\R2010a\bin\win64\boost_filesystem-vc80-mt-1_36.dll
0x000000007dbd0000 - 0x000000007dbd9000 	C:\Program Files\MATLAB\R2010a\bin\win64\boost_system-vc80-mt-1_36.dll
0x000000007e940000 - 0x000000007e956000 	C:\Program Files\MATLAB\R2010a\bin\win64\boost_signals-vc80-mt-1_36.dll
0x000000007c890000 - 0x000000007c8a1000 	C:\Program Files\MATLAB\R2010a\bin\win64\boost_thread-vc80-mt-1_36.dll
0x000000007d010000 - 0x000000007d298000 	C:\Program Files\MATLAB\R2010a\bin\win64\libmwservices.dll
0x000000007cfa0000 - 0x000000007d00d000 	C:\Program Files\MATLAB\R2010a\bin\win64\libmx.dll
0x00000000792b0000 - 0x00000000792c7000 	C:\Program Files\MATLAB\R2010a\bin\win64\zlib1.dll
0x000000007d2a0000 - 0x000000007d37c000 	C:\Program Files\MATLAB\R2010a\bin\win64\libmwmathutil.dll
0x000000007a9b0000 - 0x000000007aa0e000 	C:\Program Files\MATLAB\R2010a\bin\win64\mpath.dll
0x000000007d690000 - 0x000000007d812000 	C:\Program Files\MATLAB\R2010a\bin\win64\mlutil.dll
0x000000007e860000 - 0x000000007e8ec000 	C:\Program Files\MATLAB\R2010a\bin\win64\xmlcore.dll
0x000000007a320000 - 0x000000007a5b5000 	C:\Program Files\MATLAB\R2010a\bin\win64\xerces-c_2_7.dll
0x000007fefda20000 - 0x000007fefda6d000 	C:\windows\system32\WS2_32.dll
0x000007feff490000 - 0x000007feff498000 	C:\windows\system32\NSI.dll
0x000007fefe030000 - 0x000007fefedb6000 	C:\windows\system32\SHELL32.dll
0x000007feff230000 - 0x000007feff2a1000 	C:\windows\system32\SHLWAPI.dll
0x000007fefd7d0000 - 0x000007fefd870000 	C:\windows\WinSxS\amd64_microsoft.windows.common-controls_6595b64144ccf1df_5.82.7600.16385_none_a44af8ec57f961cf\COMCTL32.dll
0x000007feff4a0000 - 0x000007feff538000 	C:\windows\system32\comdlg32.dll
0x000007fefb590000 - 0x000007fefb5a6000 	C:\windows\system32\NETAPI32.dll
0x000007fefb580000 - 0x000007fefb58c000 	C:\windows\system32\netutils.dll
0x000007fefd270000 - 0x000007fefd293000 	C:\windows\system32\srvcli.dll
0x000007fefb560000 - 0x000007fefb575000 	C:\windows\system32\wkscli.dll
0x000000007ad90000 - 0x000000007ae2e000 	C:\Program Files\MATLAB\R2010a\bin\win64\mcr.dll
0x0000000001300000 - 0x0000000001325000 	C:\Program Files\MATLAB\R2010a\bin\win64\libmwi18n.dll
0x000000007c8d0000 - 0x000000007c983000 	C:\Program Files\MATLAB\R2010a\bin\win64\iqm.dll
0x000000007b500000 - 0x000000007bdb0000 	C:\Program Files\MATLAB\R2010a\bin\win64\m_interpreter.dll
0x000000007c9b0000 - 0x000000007c9c6000 	C:\Program Files\MATLAB\R2010a\bin\win64\libmex.dll
0x000000007abf0000 - 0x000000007aca4000 	C:\Program Files\MATLAB\R2010a\bin\win64\m_dispatcher.dll
0x000000007ead0000 - 0x000000007ebc1000 	C:\Program Files\MATLAB\R2010a\bin\win64\boost_regex-vc80-mt-1_36.dll
0x000000007aa90000 - 0x000000007ab27000 	C:\Program Files\MATLAB\R2010a\bin\win64\profiler.dll
0x000000007ca40000 - 0x000000007ca71000 	C:\Program Files\MATLAB\R2010a\bin\win64\libmwmathrng.dll
0x0000000079200000 - 0x000000007921a000 	C:\Program Files\MATLAB\R2010a\bin\win64\m_pcodeio.dll
0x000000007a960000 - 0x000000007a9ad000 	C:\Program Files\MATLAB\R2010a\bin\win64\m_ir.dll
0x000000007aef0000 - 0x000000007b4f1000 	C:\Program Files\MATLAB\R2010a\bin\win64\m_parser.dll
0x000000007c990000 - 0x000000007c9a4000 	C:\Program Files\MATLAB\R2010a\bin\win64\ir_xfmr.dll
0x0000000078a50000 - 0x0000000078d2f000 	C:\Program Files\MATLAB\R2010a\bin\win64\mcos.dll
0x000000007ca90000 - 0x000000007ca9c000 	C:\Program Files\MATLAB\R2010a\bin\win64\mtok.dll
0x00000000791d0000 - 0x00000000791f6000 	C:\Program Files\MATLAB\R2010a\bin\win64\m_pcodegen.dll
0x0000000001420000 - 0x0000000001472000 	C:\Program Files\MATLAB\R2010a\bin\win64\libmwspmatrix.dll
0x000007fef3eb0000 - 0x000007fef3fd5000 	C:\windows\system32\dbghelp.dll
0x0000000001490000 - 0x00000000014bc000 	C:\Program Files\MATLAB\R2010a\bin\win64\libmwbridge.dll
0x000000007c4f0000 - 0x000000007c5b7000 	C:\Program Files\MATLAB\R2010a\bin\win64\udd.dll
0x000000007d4b0000 - 0x000000007d604000 	C:\Program Files\MATLAB\R2010a\bin\win64\libmwgui.dll
0x0000000079320000 - 0x0000000079acf000 	C:\Program Files\MATLAB\R2010a\bin\win64\hg.dll
0x0000000079100000 - 0x0000000079150000 	C:\Program Files\MATLAB\R2010a\bin\win64\libmat.dll
0x000000007cc60000 - 0x000000007ce7b000 	C:\Program Files\MATLAB\R2010a\bin\win64\libhdf5.dll
0x000000007a860000 - 0x000000007a8e3000 	C:\Program Files\MATLAB\R2010a\bin\win64\jmi.dll
0x000000007a790000 - 0x000000007a7d6000 	C:\Program Files\MATLAB\R2010a\bin\win64\libmwhardcopy.dll
0x000000007a8f0000 - 0x000000007a959000 	C:\Program Files\MATLAB\R2010a\bin\win64\libuij.dll
0x0000000078730000 - 0x00000000788b3000 	C:\Program Files\MATLAB\R2010a\bin\win64\hgdatatypes.dll
0x0000000078670000 - 0x0000000078721000 	C:\Program Files\MATLAB\R2010a\bin\win64\hgutils.dll
0x0000000079150000 - 0x00000000791cc000 	C:\Program Files\MATLAB\R2010a\bin\win64\libmwlapack.dll
0x000000007c9e0000 - 0x000000007c9f3000 	C:\Program Files\MATLAB\R2010a\bin\win64\libmwbinder.dll
0x000000007c5c0000 - 0x000000007c881000 	C:\Program Files\MATLAB\R2010a\bin\win64\uiw.dll
0x000000007caf0000 - 0x000000007cafa000 	C:\Program Files\MATLAB\R2010a\bin\win64\uinone.dll
0x00000000705a0000 - 0x000000007073c000 	C:\windows\WinSxS\amd64_microsoft.vc80.mfc_1fc8b3b9a1e18e3b_8.0.50727.4053_none_8444db7d32915e4c\MFC80.DLL
0x000007fef74b0000 - 0x000007fef7520000 	C:\windows\system32\WINSPOOL.DRV
0x000007fefee50000 - 0x000007feff051000 	C:\windows\system32\ole32.dll
0x000007feff770000 - 0x000007feff847000 	C:\windows\system32\OLEAUT32.dll
0x000000007ae30000 - 0x000000007aee6000 	C:\Program Files\MATLAB\R2010a\bin\win64\udd_mi.dll
0x0000000079220000 - 0x000000007923f000 	C:\Program Files\MATLAB\R2010a\bin\win64\mwoles05.DLL
0x000000007aa10000 - 0x000000007aa82000 	C:\Program Files\MATLAB\R2010a\bin\win64\comcli.dll
0x00000000750d0000 - 0x00000000750f0000 	C:\windows\WinSxS\amd64_microsoft.vc80.atl_1fc8b3b9a1e18e3b_8.0.50727.4053_none_8a1a02152edb659b\ATL80.DLL
0x000000007ca80000 - 0x000000007ca8e000 	C:\Program Files\MATLAB\R2010a\bin\win64\mlautoregister.dll
0x000007feff200000 - 0x000007feff22e000 	C:\windows\system32\IMM32.DLL
0x000007fefdf20000 - 0x000007fefe029000 	C:\windows\system32\MSCTF.dll
0x0000000180000000 - 0x0000000180008000 	C:\windows\KATRK64.DLL
0x000007fefb660000 - 0x000007fefb671000 	C:\windows\system32\WTSAPI32.dll
0x00000000751b0000 - 0x00000000751bd000 	C:\windows\WinSxS\amd64_microsoft.vc80.mfcloc_1fc8b3b9a1e18e3b_8.0.50727.4053_none_bc1d1e5b0be08790\MFC80ENU.DLL
0x000007fefd4a0000 - 0x000007fefd4af000 	C:\windows\system32\profapi.dll
0x000007fefd3d0000 - 0x000007fefd3df000 	C:\windows\system32\CRYPTBASE.dll
0x000007fefbf40000 - 0x000007fefbf96000 	C:\windows\system32\uxtheme.dll
0x000007fefc120000 - 0x000007fefc314000 	C:\windows\WinSxS\amd64_microsoft.windows.common-controls_6595b64144ccf1df_6.0.7600.16385_none_fa645303170382f6\comctl32.dll
0x000007feff2b0000 - 0x000007feff487000 	C:\windows\system32\SETUPAPI.dll
0x000007fefd770000 - 0x000007fefd7a6000 	C:\windows\system32\CFGMGR32.dll
0x000007fefd7b0000 - 0x000007fefd7ca000 	C:\windows\system32\DEVOBJ.dll
0x000007feff060000 - 0x000007feff0f9000 	C:\windows\system32\CLBCatQ.DLL
0x000007fefbfa0000 - 0x000007fefc0cc000 	C:\windows\system32\propsys.dll
0x000007fefaf90000 - 0x000007fefafb7000 	C:\windows\system32\iphlpapi.dll
0x000007fefaf40000 - 0x000007fefaf4b000 	C:\windows\system32\WINNSI.DLL
0x000007fefcb50000 - 0x000007fefcbab000 	C:\windows\system32\DNSAPI.dll
0x000007fefac40000 - 0x000007fefac51000 	C:\windows\system32\dhcpcsvc6.DLL
0x000007fefac20000 - 0x000007fefac38000 	C:\windows\system32\dhcpcsvc.DLL
0x000007fefd340000 - 0x000007fefd365000 	C:\windows\system32\SspiCli.dll
0x00000000751a0000 - 0x00000000751a3000 	C:\windows\system32\icmp.Dll
0x000000006d7f0000 - 0x000000006dda8000 	C:\Program Files\MATLAB\R2010a\sys\java\jre\win64\jre\bin\server\jvm.dll
0x000007fefb2b0000 - 0x000007fefb2eb000 	C:\windows\system32\WINMM.dll
0x000007fefb970000 - 0x000007fefb988000 	C:\windows\system32\dwmapi.dll
0x000000007aba0000 - 0x000000007abaa000 	C:\Program Files\MATLAB\R2010a\sys\java\jre\win64\jre\bin\hpi.dll
0x000000007abc0000 - 0x000000007abce000 	C:\Program Files\MATLAB\R2010a\sys\java\jre\win64\jre\bin\verify.dll
0x00000000792d0000 - 0x00000000792f7000 	C:\Program Files\MATLAB\R2010a\sys\java\jre\win64\jre\bin\java.dll
0x000000007abd0000 - 0x000000007abe2000 	C:\Program Files\MATLAB\R2010a\sys\java\jre\win64\jre\bin\zip.dll
0x0000000079240000 - 0x000000007926b000 	C:\Program Files\MATLAB\R2010a\bin\win64\nativejava.dll
0x000007fef7c40000 - 0x000007fef7c58000 	C:\windows\system32\MPR.dll
0x0000000079270000 - 0x00000000792a7000 	C:\Program Files\MATLAB\R2010a\bin\win64\nativejmi.dll
0x000000007cae0000 - 0x000000007caed000 	C:\Program Files\MATLAB\R2010a\bin\win64\nativeservices.dll
0x000000007a5c0000 - 0x000000007a782000 	C:\Program Files\MATLAB\R2010a\sys\java\jre\win64\jre\bin\awt.dll
0x000000007acb0000 - 0x000000007ad1b000 	C:\Program Files\MATLAB\R2010a\sys\java\jre\win64\jre\bin\fontmanager.dll
0x0000000079300000 - 0x0000000079317000 	C:\Program Files\MATLAB\R2010a\sys\java\jre\win64\jre\bin\net.dll
0x000007fefccc0000 - 0x000007fefcd14000 	C:\windows\system32\mswsock.dll
0x000007fefd220000 - 0x000007fefd227000 	C:\windows\System32\wship6.dll
0x000000007abb0000 - 0x000000007abbb000 	C:\Program Files\MATLAB\R2010a\sys\java\jre\win64\jre\bin\nio.dll
0x0000000078300000 - 0x0000000078310000 	C:\Program Files\MATLAB\R2010a\bin\win64\nativelmgr.dll

VM Arguments:
jvm_args: -Xss512k -XX:PermSize=32m -Xms64m -XX:NewRatio=3 -XX:MaxPermSize=128m -Xmx196m -XX:MaxDirectMemorySize=2147400000 -Dsun.java2d.noddraw=true -Dsun.awt.nopixfmt=true -Xshare:off -Xrs -Djava.library.path=C:\Program Files\MATLAB\R2010a\bin\win64 vfprintf abort 
java_command: <unknown>
Launcher Type: generic

Environment Variables:
PATH=C:\windows\system32;C:\windows;C:\windows\System32\Wbem;C:\windows\System32\WindowsPowerShell\v1.0\;C:\Program Files (x86)\Common Files\Roxio Shared\DLLShared\;C:\Program Files (x86)\Git\cmd;C:\Program Files\MATLAB\R2010a\runtime\win64;C:\Program Files\MATLAB\R2010a\bin;C:\Python31
USERNAME=Anji
OS=Windows_NT
PROCESSOR_IDENTIFIER=Intel64 Family 6 Model 23 Stepping 10, GenuineIntel



---------------  S Y S T E M  ---------------

OS: Windows NT 6.1 Build 7600 

CPU:total 2 (2 cores per cpu, 1 threads per core) family 6 model 7 stepping 10, cmov, cx8, fxsr, mmx, sse, sse2, sse3, ssse3

Memory: 4k page, physical 6255796k(3411012k free), swap 12509692k(9566660k free)

vm_info: Java HotSpot(TM) 64-Bit Server VM (11.2-b01) for windows-amd64 JRE (1.6.0_12-b04), built on Jan 17 2009 01:49:05 by "java_re" with MS VC++ 8.0

time: Tue Aug 10 14:51:24 2010
elapsed time: 4837 seconds

